  Texture.cpp
  Shader.cpp
  Resources.cpp
  Portal.cpp
  Player.cpp
  Physical.cpp
  Object.cpp
  Mesh.cpp
  Main.cpp
  Level6.cpp
  Level5.cpp
  Level4.cpp
  Level3.cpp
  Level2.cpp
  Level1.cpp
  Input.cpp
  FrameBuffer.cpp
  Engine.cpp
  Collider.cpp
  Camera.cpp
  Generating Code...
LINK : warning LNK4098: defaultlib 'LIBCMT' conflicts with use of other libs; use /NODEFAULTLIB:library
glew32s.lib(glew.obj) : warning LNK4099: PDB 'vc120.pdb' was not found with 'glew32s.lib(glew.obj)' or at 'C:\Users\zimoo\Desktop\NonEuclid\NonEuclidean\x64\Debug\vc120.pdb'; linking object as if no debug info
  NonEuclidean.vcxproj -> C:\Users\zimoo\Desktop\NonEuclid\NonEuclidean\x64\Debug\NonEuclidean.exe
